<?xml version="1.0" encoding="UTF-8"?>
<!-- Generated by org.testng.reporters.JUnitReportReporter -->
<testsuite hostname="DHIRAJ" failures="0" tests="1" name="propertyFile.GetPropertyFile" time="0.033" errors="0" timestamp="2024-11-28T17:13:39 IST" skipped="0">
  <testcase classname="propertyFile.GetPropertyFile" name="send" time="0.033"/>
  <system-out/>
</testsuite> <!-- propertyFile.GetPropertyFile -->
