<?xml version="1.0" encoding="UTF-8"?>
<!-- Generated by org.testng.reporters.JUnitReportReporter -->
<testsuite hostname="DHIRAJ" failures="0" tests="1" name="restAssured.Seconds" time="4.606" errors="0" timestamp="2024-11-28T16:49:04 IST" skipped="0">
  <testcase classname="restAssured.Seconds" name="getBooking" time="4.606"/>
  <system-out/>
</testsuite> <!-- restAssured.Seconds -->
