<?xml version="1.0" encoding="UTF-8"?>
<!-- Generated by org.testng.reporters.JUnitReportReporter -->
<testsuite hostname="DHIRAJ" failures="0" tests="1" name="specbuilder.CreateShopper" time="3.921" errors="0" timestamp="2024-11-28T17:59:45 IST" skipped="0">
  <testcase classname="specbuilder.CreateShopper" name="create" time="3.921"/>
  <system-out/>
</testsuite> <!-- specbuilder.CreateShopper -->
