<?xml version="1.0" encoding="UTF-8"?>
<!-- Generated by org.testng.reporters.JUnitReportReporter -->
<testsuite hostname="DHIRAJ" failures="0" tests="1" name="restAssured.Second" time="62.429" errors="0" timestamp="2024-11-28T16:46:29 IST" skipped="0">
  <testcase classname="restAssured.Second" name="getBooking" time="62.429"/>
  <system-out/>
</testsuite> <!-- restAssured.Second -->
