<?xml version="1.0" encoding="UTF-8"?>
<!-- Generated by org.testng.reporters.JUnitReportReporter -->
<testsuite hostname="DHIRAJ" failures="0" tests="1" name="specbuilder.login" time="8.875" errors="0" timestamp="2024-11-29T09:08:24 IST" skipped="0">
  <testcase classname="specbuilder.login" name="login" time="8.875"/>
  <system-out/>
</testsuite> <!-- specbuilder.login -->
