<?xml version="1.0" encoding="UTF-8"?>
<!-- Generated by org.testng.reporters.JUnitReportReporter -->
<testsuite hostname="DHIRAJ" failures="0" tests="1" name="specbuilder.RunnerClassPojo" time="4.426" errors="0" timestamp="2024-11-29T18:10:27 IST" skipped="0">
  <testcase classname="specbuilder.RunnerClassPojo" name="create" time="4.426"/>
  <system-out/>
</testsuite> <!-- specbuilder.RunnerClassPojo -->
