<?xml version="1.0" encoding="UTF-8"?>
<!-- Generated by org.testng.reporters.JUnitReportReporter -->
<testsuite hostname="DHIRAJ" failures="0" tests="1" name="restAssured.third" time="9.173" errors="0" timestamp="2024-11-28T16:49:36 IST" skipped="0">
  <testcase classname="restAssured.third" name="get" time="9.173"/>
  <system-out/>
</testsuite> <!-- restAssured.third -->
