<?xml version="1.0" encoding="UTF-8"?>
<!-- Generated by org.testng.reporters.JUnitReportReporter -->
<testsuite hostname="DHIRAJ" failures="0" tests="1" name="restAssured.FirstScript" time="4.874" errors="0" timestamp="2024-11-28T16:29:45 IST" skipped="0">
  <testcase classname="restAssured.FirstScript" name="get" time="4.874"/>
  <system-out/>
</testsuite> <!-- restAssured.FirstScript -->
